[debug] [2020-08-20T13:21:09.064Z] ----------------------------------------------------------------------
[debug] [2020-08-20T13:21:09.066Z] Command:       /home/adrian/.nvm/versions/node/v12.13.1/bin/node /home/adrian/.nvm/versions/node/v12.13.1/bin/firebase deploy
[debug] [2020-08-20T13:21:09.067Z] CLI Version:   8.7.0
[debug] [2020-08-20T13:21:09.067Z] Platform:      linux
[debug] [2020-08-20T13:21:09.067Z] Node Version:  v12.13.1
[debug] [2020-08-20T13:21:09.072Z] Time:          Thu Aug 20 2020 15:21:09 GMT+0200 (Central European Summer Time)
[debug] [2020-08-20T13:21:09.072Z] ----------------------------------------------------------------------
[debug] [2020-08-20T13:21:09.072Z] 
[debug] [2020-08-20T13:21:09.081Z] > command requires scopes: ["email","openid","https://www.googleapis.com/auth/cloudplatformprojects.readonly","https://www.googleapis.com/auth/firebase","https://www.googleapis.com/auth/cloud-platform"]
[debug] [2020-08-20T13:21:09.082Z] > authorizing via signed-in user
[debug] [2020-08-20T13:21:09.082Z] [iam] checking project adrianwysocki777 for permissions ["firebase.projects.get","firebasehosting.sites.update"]
[debug] [2020-08-20T13:21:09.085Z] > refreshing access token with scopes: ["email","https://www.googleapis.com/auth/cloud-platform","https://www.googleapis.com/auth/cloudplatformprojects.readonly","https://www.googleapis.com/auth/firebase","openid"]
[debug] [2020-08-20T13:21:09.085Z] >>> HTTP REQUEST POST https://www.googleapis.com/oauth2/v3/token  
 <request body omitted>
[debug] [2020-08-20T13:21:09.291Z] <<< HTTP RESPONSE 200 {"content-type":"application/json; charset=utf-8","vary":"X-Origin, Referer, Origin,Accept-Encoding","date":"Thu, 20 Aug 2020 13:21:08 GMT","server":"scaffolding on HTTPServer2","cache-control":"private","x-xss-protection":"0","x-frame-options":"SAMEORIGIN","x-content-type-options":"nosniff","alt-svc":"h3-29=\":443\"; ma=2592000,h3-27=\":443\"; ma=2592000,h3-T050=\":443\"; ma=2592000,h3-Q050=\":443\"; ma=2592000,h3-Q046=\":443\"; ma=2592000,h3-Q043=\":443\"; ma=2592000,quic=\":443\"; ma=2592000; v=\"46,43\"","accept-ranges":"none","transfer-encoding":"chunked"}
[debug] [2020-08-20T13:21:09.305Z] >>> HTTP REQUEST POST https://cloudresourcemanager.googleapis.com/v1/projects/adrianwysocki777:testIamPermissions  
 {"permissions":["firebase.projects.get","firebasehosting.sites.update"]}
[debug] [2020-08-20T13:21:09.530Z] <<< HTTP RESPONSE 200 {"content-type":"application/json; charset=UTF-8","vary":"X-Origin, Referer, Origin,Accept-Encoding","date":"Thu, 20 Aug 2020 13:21:09 GMT","server":"ESF","cache-control":"private","x-xss-protection":"0","x-frame-options":"SAMEORIGIN","x-content-type-options":"nosniff","server-timing":"gfet4t7; dur=129","alt-svc":"h3-29=\":443\"; ma=2592000,h3-27=\":443\"; ma=2592000,h3-T050=\":443\"; ma=2592000,h3-Q050=\":443\"; ma=2592000,h3-Q046=\":443\"; ma=2592000,h3-Q043=\":443\"; ma=2592000,quic=\":443\"; ma=2592000; v=\"46,43\"","accept-ranges":"none","transfer-encoding":"chunked"}
[debug] [2020-08-20T13:21:09.531Z] >>> HTTP REQUEST GET https://firebase.googleapis.com/v1beta1/projects/adrianwysocki777  
 
[debug] [2020-08-20T13:21:09.835Z] <<< HTTP RESPONSE 200 {"content-type":"application/json; charset=UTF-8","vary":"X-Origin, Referer, Origin,Accept-Encoding","date":"Thu, 20 Aug 2020 13:21:09 GMT","server":"ESF","cache-control":"private","x-xss-protection":"0","x-frame-options":"SAMEORIGIN","x-content-type-options":"nosniff","alt-svc":"h3-29=\":443\"; ma=2592000,h3-27=\":443\"; ma=2592000,h3-T050=\":443\"; ma=2592000,h3-Q050=\":443\"; ma=2592000,h3-Q046=\":443\"; ma=2592000,h3-Q043=\":443\"; ma=2592000,quic=\":443\"; ma=2592000; v=\"46,43\"","accept-ranges":"none","transfer-encoding":"chunked"}
[info] 
[info] === Deploying to 'adrianwysocki777'...
[info] 
[info] i  deploying hosting 
[debug] [2020-08-20T13:21:09.843Z] >>> HTTP REQUEST POST https://firebasehosting.googleapis.com/v1beta1/sites/adrianwysocki777/versions  
 {"config":{"rewrites":[{"glob":"**","path":"/index.html"}]},"labels":{"deployment-tool":"cli-firebase"}}
[debug] [2020-08-20T13:21:11.195Z] <<< HTTP RESPONSE 200 {"content-type":"application/json; charset=UTF-8","vary":"X-Origin, Referer, Origin,Accept-Encoding","date":"Thu, 20 Aug 2020 13:21:10 GMT","server":"ESF","cache-control":"private","x-xss-protection":"0","x-frame-options":"SAMEORIGIN","x-content-type-options":"nosniff","alt-svc":"h3-29=\":443\"; ma=2592000,h3-27=\":443\"; ma=2592000,h3-T050=\":443\"; ma=2592000,h3-Q050=\":443\"; ma=2592000,h3-Q046=\":443\"; ma=2592000,h3-Q043=\":443\"; ma=2592000,quic=\":443\"; ma=2592000; v=\"46,43\"","accept-ranges":"none","transfer-encoding":"chunked"}
[info] i  hosting[adrianwysocki777]: beginning deploy... 
[info] i  hosting[adrianwysocki777]: found 78 files in build 
[debug] [2020-08-20T13:21:11.666Z] [hosting] hash cache [YnVpbGQ] stored for 78 files
[debug] [2020-08-20T13:21:11.666Z] [hosting][hash queue][FINAL] {"max":415,"min":24,"avg":118.28205128205128,"active":0,"complete":78,"success":78,"errored":0,"retried":0,"total":78,"elapsed":431}
[debug] [2020-08-20T13:21:11.666Z] >>> HTTP REQUEST POST https://firebasehosting.googleapis.com/v1beta1/sites/adrianwysocki777/versions/a079b39d49df4dd3:populateFiles  
 <request body omitted>
[debug] [2020-08-20T13:21:12.824Z] <<< HTTP RESPONSE 200 {"content-type":"application/json; charset=UTF-8","vary":"X-Origin, Referer, Origin,Accept-Encoding","date":"Thu, 20 Aug 2020 13:21:12 GMT","server":"ESF","cache-control":"private","x-xss-protection":"0","x-frame-options":"SAMEORIGIN","x-content-type-options":"nosniff","alt-svc":"h3-29=\":443\"; ma=2592000,h3-27=\":443\"; ma=2592000,h3-T050=\":443\"; ma=2592000,h3-Q050=\":443\"; ma=2592000,h3-Q046=\":443\"; ma=2592000,h3-Q043=\":443\"; ma=2592000,quic=\":443\"; ma=2592000; v=\"46,43\"","accept-ranges":"none","transfer-encoding":"chunked"}
[debug] [2020-08-20T13:21:12.827Z] [hosting][populate queue][FINAL] {"max":1161,"min":1161,"avg":1161,"active":0,"complete":1,"success":1,"errored":0,"retried":0,"total":1,"elapsed":1163}
[debug] [2020-08-20T13:21:12.828Z] [hosting] uploads queued: 6
[debug] [2020-08-20T13:21:15.096Z] [hosting][upload queue][FINAL] {"max":2271,"min":1892,"avg":2000,"active":0,"complete":6,"success":6,"errored":0,"retried":0,"total":6,"elapsed":2272}
[info] ✔  hosting[adrianwysocki777]: file upload complete 
[debug] [2020-08-20T13:21:15.097Z] [hosting] deploy completed after 3900ms
[debug] [2020-08-20T13:21:15.200Z] [
  {
    "config": {
      "public": "build",
      "ignore": [
        "firebase.json",
        "**/.*",
        "**/node_modules/**"
      ],
      "rewrites": [
        {
          "source": "**",
          "destination": "/index.html"
        }
      ],
      "site": "adrianwysocki777"
    },
    "site": "adrianwysocki777",
    "version": "sites/adrianwysocki777/versions/a079b39d49df4dd3"
  }
]
[info] i  hosting[adrianwysocki777]: finalizing version... 
[debug] [2020-08-20T13:21:15.201Z] >>> HTTP REQUEST PATCH https://firebasehosting.googleapis.com/v1beta1/sites/adrianwysocki777/versions/a079b39d49df4dd3?updateMask=status  
 {"status":"FINALIZED"}
[debug] [2020-08-20T13:21:16.234Z] <<< HTTP RESPONSE 200 {"content-type":"application/json; charset=UTF-8","vary":"X-Origin, Referer, Origin,Accept-Encoding","date":"Thu, 20 Aug 2020 13:21:15 GMT","server":"ESF","cache-control":"private","x-xss-protection":"0","x-frame-options":"SAMEORIGIN","x-content-type-options":"nosniff","alt-svc":"h3-29=\":443\"; ma=2592000,h3-27=\":443\"; ma=2592000,h3-T050=\":443\"; ma=2592000,h3-Q050=\":443\"; ma=2592000,h3-Q046=\":443\"; ma=2592000,h3-Q043=\":443\"; ma=2592000,quic=\":443\"; ma=2592000; v=\"46,43\"","accept-ranges":"none","transfer-encoding":"chunked"}
[debug] [2020-08-20T13:21:16.234Z] [hosting] finalized version for adrianwysocki777: {"name":"sites/adrianwysocki777/versions/a079b39d49df4dd3","status":"FINALIZED","config":{"rewrites":[{"glob":"**","path":"/index.html"}]},"labels":{"deployment-tool":"cli-firebase"},"createTime":"2020-08-20T13:21:10.343754Z","createUser":{"email":"dobrystuff77@gmail.com"},"finalizeTime":"2020-08-20T13:21:15.858913Z","finalizeUser":{"email":"dobrystuff77@gmail.com"}}
[info] ✔  hosting[adrianwysocki777]: version finalized 
[info] i  hosting[adrianwysocki777]: releasing new version... 
[debug] [2020-08-20T13:21:16.236Z] >>> HTTP REQUEST POST https://firebasehosting.googleapis.com/v1beta1/sites/adrianwysocki777/releases?version_name=sites/adrianwysocki777/versions/a079b39d49df4dd3  
 {"message":null}
